<?xml version="1.0" encoding="UTF-8"?>
<!-- Generated by org.testng.reporters.JUnitReportReporter -->
<testsuite skipped="0" hostname="CNTR0019" name="Test.TechCrunch_Test" tests="5" failures="0" timestamp="2023-08-17T22:46:57 EET" time="196.458" errors="0">
  <testcase name="TheLatestNewsImageCheck" time="2.830" classname="Test.TechCrunch_Test"/>
  <system-out/>
  <testcase name="AnyNewsTitleCheck" time="7.498" classname="Test.TechCrunch_Test"/>
  <system-out/>
  <testcase name="AnyNewsLinksCheck" time="180.701" classname="Test.TechCrunch_Test"/>
  <system-out/>
  <testcase name="OpenLink" time="2.399" classname="Test.TechCrunch_Test"/>
  <system-out/>
  <testcase name="TheLatestNewsAuthorCheck" time="3.030" classname="Test.TechCrunch_Test"/>
  <system-out/>
</testsuite> <!-- Test.TechCrunch_Test -->
